<?xml version="1.0" encoding="UTF-8"?>
<!-- Generated by org.testng.reporters.JUnitXMLReporter -->
<testsuite ignored="4" hostname="SeemaPatil" failures="1" tests="3" name="Test(failed)" time="0.044" errors="0" timestamp="2024-04-08T12:42:56 IST">
  <testcase classname="Selenium.testNG6" name="z" time="0.013">
    <failure type="java.lang.AssertionError" message="expected [true] but found [false]">
      <![CDATA[java.lang.AssertionError: expected [true] but found [false]
at Selenium.testNG6.z(testNG6.java:10)
at java.base/java.util.ArrayList.forEach(ArrayList.java:1511)
... Removed 29 stack frames]]>
    </failure>
  </testcase> <!-- z -->
  <testcase classname="Selenium.testNG6" name="b" time="0.0">
    <skipped/>
  </testcase> <!-- b -->
  <testcase classname="Selenium.testNG4" name="f" time="0.001">
    <skipped/>
  </testcase> <!-- f -->
  <testcase classname="Selenium.testNG4" name="c" time="0.0">
    <ignored/>
  </testcase> <!-- c -->
  <testcase classname="Selenium.testNG4" name="b" time="0.0">
    <ignored/>
  </testcase> <!-- b -->
  <testcase classname="Selenium.testNG4" name="e" time="0.0">
    <ignored/>
  </testcase> <!-- e -->
  <testcase classname="Selenium.testNG4" name="d" time="0.0">
    <ignored/>
  </testcase> <!-- d -->
</testsuite> <!-- Test(failed) -->
